<?xml version="1.0" encoding="utf-8" standalone="no"?>
<!--This file represents the results of running a test suite-->
<test-results name="C:\Users\Matt\Documents\Visual Studio 2010\Projects\Limelight\Limelight.nunit" total="8" errors="0" failures="0" not-run="0" inconclusive="0" ignored="0" skipped="0" invalid="0" date="2013-02-17" time="12:39:25">
  <environment nunit-version="2.6.2.12296" clr-version="2.0.50727.5420" os-version="Microsoft Windows NT 6.1.7601 Service Pack 1" platform="Win32NT" cwd="C:\Program Files (x86)\NUnit 2.6.2\bin" machine-name="MATT-PC" user="Matt" user-domain="Matt-PC" />
  <culture-info current-culture="en-US" current-uiculture="en-US" />
  <test-suite type="Project" name="C:\Users\Matt\Documents\Visual Studio 2010\Projects\Limelight\Limelight.nunit" executed="True" result="Success" success="True" time="39.139" asserts="0">
    <results>
      <test-suite type="Assembly" name="C:\Users\Matt\Documents\Visual Studio 2010\Projects\Limelight\LimelightTests\bin\Release\LimelightTests.dll" executed="True" result="Success" success="True" time="39.139" asserts="0">
        <results>
          <test-suite type="Namespace" name="Limelight" executed="True" result="Success" success="True" time="39.139" asserts="0">
            <results>
              <test-suite type="Namespace" name="Tests" executed="True" result="Success" success="True" time="39.138" asserts="0">
                <results>
                  <test-suite type="TestFixture" name="CueStackTests" executed="True" result="Success" success="True" time="15.030" asserts="0">
                    <results>
                      <test-case name="Limelight.Tests.CueStackTests.update_combinesTwoCues" executed="True" result="Success" success="True" time="0.009" asserts="1" />
                      <test-case name="Limelight.Tests.CueStackTests.update_cuesWithSameFixtureSameIntensity_channelValue_isConstant" executed="True" result="Success" success="True" time="15.011" asserts="0" />
                      <test-case name="Limelight.Tests.CueStackTests.update_intensityChannelsAffectedByFader" executed="True" result="Success" success="True" time="0.002" asserts="2" />
                    </results>
                  </test-suite>
                  <test-suite type="TestFixture" name="CueTests" executed="True" result="Success" success="True" time="24.071" asserts="0">
                    <results>
                      <test-case name="Limelight.Tests.CueTests.combine_CombinesTwoCues" executed="True" result="Success" success="True" time="3.052" asserts="1" />
                      <test-case name="Limelight.Tests.CueTests.go_FadesCueIn" executed="True" result="Success" success="True" time="13.006" asserts="1" />
                      <test-case name="Limelight.Tests.CueTests.go_PausesOnNullDwellTime" executed="True" result="Success" success="True" time="8.003" asserts="0" />
                    </results>
                  </test-suite>
                  <test-suite type="TestFixture" name="FixtureTests" executed="True" result="Success" success="True" time="0.010" asserts="0">
                    <results>
                      <test-case name="Limelight.Tests.FixtureTests.clone_shouldCloneAndSetMaster" executed="True" result="Success" success="True" time="0.003" asserts="1" />
                      <test-case name="Limelight.Tests.FixtureTests.clone_shouldHaveReferenceToMaster" executed="True" result="Success" success="True" time="0.001" asserts="1" />
                    </results>
                  </test-suite>
                </results>
              </test-suite>
            </results>
          </test-suite>
        </results>
      </test-suite>
    </results>
  </test-suite>
</test-results>