<?xml version="1.0" encoding="utf-8" standalone="no"?>
<!--This file represents the results of running a test suite-->
<test-results name="C:\Users\Matt\Documents\Visual Studio 2010\Projects\Limelight\Limelight.nunit" total="1" errors="0" failures="0" not-run="0" inconclusive="0" ignored="0" skipped="0" invalid="0" date="2013-02-16" time="20:51:23">
  <environment nunit-version="2.6.2.12296" clr-version="2.0.50727.5420" os-version="Microsoft Windows NT 6.1.7601 Service Pack 1" platform="Win32NT" cwd="C:\Program Files (x86)\NUnit 2.6.2\bin" machine-name="MATT-PC" user="Matt" user-domain="Matt-PC" />
  <culture-info current-culture="en-US" current-uiculture="en-US" />
  <test-suite type="Project" name="C:\Users\Matt\Documents\Visual Studio 2010\Projects\Limelight\Limelight.nunit" executed="True" result="Success" success="True" time="0.172" asserts="0">
    <results>
      <test-suite type="Assembly" name="C:\Users\Matt\Documents\Visual Studio 2010\Projects\Limelight\LimelightTests\bin\Release\LimelightTests.dll" executed="True" result="Success" success="True" time="0.144" asserts="0">
        <results>
          <test-suite type="Namespace" name="Limelight" executed="True" result="Success" success="True" time="0.144" asserts="0">
            <results>
              <test-suite type="Namespace" name="Tests" executed="True" result="Success" success="True" time="0.143" asserts="0">
                <results>
                  <test-suite type="TestFixture" name="CueStackTests" executed="True" result="Success" success="True" time="0.141" asserts="0">
                    <results>
                      <test-case name="Limelight.Tests.CueStackTests.update_CombinesTwoCues" executed="True" result="Success" success="True" time="0.122" asserts="0" />
                    </results>
                  </test-suite>
                </results>
              </test-suite>
            </results>
          </test-suite>
        </results>
      </test-suite>
    </results>
  </test-suite>
</test-results>